     1 00000000                                 [FORMAT "WCOFF"]
     2 00000000                                 [INSTRSET "i486p"]
     3 00000000                                 [OPTIMIZE 1]
     4 00000000                                 [OPTION 1]
     5 00000000                                 [BITS 32]
     6 00000000                                 	EXTERN	_io_hlt
     7 00000000                                 	EXTERN	_hankaku
     8 00000000                                 	EXTERN	_io_load_eflags
     9 00000000                                 	EXTERN	_io_cli
    10 00000000                                 	EXTERN	_io_out8
    11 00000000                                 	EXTERN	_io_store_eflags
    12 00000000                                 [FILE "bootpack.c"]
    13                                          [SECTION .data]
    14 00000000                                 LC0:
    15 00000000 57 65 6C 63 6F 6D 65 20 74 6F   	DB	"Welcome to",0x00
       0000000A 00 
    16 0000000B                                 LC1:
    17 0000000B 53 61 6E 6F 20 46 69 72 73 74   	DB	"Sano First OS",0x00
       00000015 20 4F 53 00 
    18                                          [SECTION .text]
    19 00000000                                 	GLOBAL	_HariMain
    20 00000000                                 _HariMain:
    21 00000000 55                              	PUSH	EBP
    22 00000001 89 E5                           	MOV	EBP,ESP
    23 00000003 E8 00000082                     	CALL	_init_palette
    24 00000008 0F BF 05 00000FF6               	MOVSX	EAX,WORD [4086]
    25 0000000F 50                              	PUSH	EAX
    26 00000010 0F BF 05 00000FF4               	MOVSX	EAX,WORD [4084]
    27 00000017 50                              	PUSH	EAX
    28 00000018 FF 35 00000FF8                  	PUSH	DWORD [4088]
    29 0000001E E8 0000007A                     	CALL	_init_screen
    30 00000023 68 [00000000]                   	PUSH	LC0
    31 00000028 6A 07                           	PUSH	7
    32 0000002A 6A 08                           	PUSH	8
    33 0000002C 6A 08                           	PUSH	8
    34 0000002E 0F BF 05 00000FF4               	MOVSX	EAX,WORD [4084]
    35 00000035 50                              	PUSH	EAX
    36 00000036 FF 35 00000FF8                  	PUSH	DWORD [4088]
    37 0000003C E8 000002BE                     	CALL	_putfont8_asc
    38 00000041 83 C4 24                        	ADD	ESP,36
    39 00000044 68 [0000000B]                   	PUSH	LC1
    40 00000049 6A 07                           	PUSH	7
    41 0000004B 6A 1F                           	PUSH	31
    42 0000004D 6A 1F                           	PUSH	31
    43 0000004F 0F BF 05 00000FF4               	MOVSX	EAX,WORD [4084]
    44 00000056 50                              	PUSH	EAX
    45 00000057 FF 35 00000FF8                  	PUSH	DWORD [4088]
    46 0000005D E8 0000029D                     	CALL	_putfont8_asc
    47 00000062 68 [0000000B]                   	PUSH	LC1
    48 00000067 6A 07                           	PUSH	7
    49 00000069 6A 1E                           	PUSH	30
    50 0000006B 6A 1E                           	PUSH	30
    51 0000006D 0F BF 05 00000FF4               	MOVSX	EAX,WORD [4084]
    52 00000074 50                              	PUSH	EAX
    53 00000075 FF 35 00000FF8                  	PUSH	DWORD [4088]
    54 0000007B E8 0000027F                     	CALL	_putfont8_asc
    55 00000080 83 C4 30                        	ADD	ESP,48
    56 00000083                                 L2:
    57 00000083 E8 [00000000]                   	CALL	_io_hlt
    58 00000088 EB F9                           	JMP	L2
    59                                          [SECTION .data]
    60 00000019                                 _table_rgb.0:
    61 00000019 00                              	DB	0
    62 0000001A 00                              	DB	0
    63 0000001B 00                              	DB	0
    64 0000001C FF                              	DB	-1
    65 0000001D 00                              	DB	0
    66 0000001E 00                              	DB	0
    67 0000001F 00                              	DB	0
    68 00000020 FF                              	DB	-1
    69 00000021 00                              	DB	0
    70 00000022 FF                              	DB	-1
    71 00000023 FF                              	DB	-1
    72 00000024 00                              	DB	0
    73 00000025 00                              	DB	0
    74 00000026 00                              	DB	0
    75 00000027 FF                              	DB	-1
    76 00000028 FF                              	DB	-1
    77 00000029 00                              	DB	0
    78 0000002A FF                              	DB	-1
    79 0000002B 00                              	DB	0
    80 0000002C FF                              	DB	-1
    81 0000002D FF                              	DB	-1
    82 0000002E FF                              	DB	-1
    83 0000002F FF                              	DB	-1
    84 00000030 FF                              	DB	-1
    85 00000031 C6                              	DB	-58
    86 00000032 C6                              	DB	-58
    87 00000033 C6                              	DB	-58
    88 00000034 84                              	DB	-124
    89 00000035 00                              	DB	0
    90 00000036 00                              	DB	0
    91 00000037 00                              	DB	0
    92 00000038 84                              	DB	-124
    93 00000039 00                              	DB	0
    94 0000003A 84                              	DB	-124
    95 0000003B 84                              	DB	-124
    96 0000003C 00                              	DB	0
    97 0000003D 00                              	DB	0
    98 0000003E 00                              	DB	0
    99 0000003F 84                              	DB	-124
   100 00000040 84                              	DB	-124
   101 00000041 00                              	DB	0
   102 00000042 84                              	DB	-124
   103 00000043 00                              	DB	0
   104 00000044 84                              	DB	-124
   105 00000045 84                              	DB	-124
   106 00000046 84                              	DB	-124
   107 00000047 84                              	DB	-124
   108 00000048 84                              	DB	-124
   109                                          [SECTION .text]
   110 0000008A                                 	GLOBAL	_init_palette
   111 0000008A                                 _init_palette:
   112 0000008A 55                              	PUSH	EBP
   113 0000008B 89 E5                           	MOV	EBP,ESP
   114 0000008D 68 [00000019]                   	PUSH	_table_rgb.0
   115 00000092 6A 0F                           	PUSH	15
   116 00000094 6A 00                           	PUSH	0
   117 00000096 E8 000002B3                     	CALL	_set_palette
   118 0000009B C9                              	LEAVE
   119 0000009C C3                              	RET
   120 0000009D                                 	GLOBAL	_init_screen
   121 0000009D                                 _init_screen:
   122 0000009D 55                              	PUSH	EBP
   123 0000009E 89 E5                           	MOV	EBP,ESP
   124 000000A0 57                              	PUSH	EDI
   125 000000A1 56                              	PUSH	ESI
   126 000000A2 53                              	PUSH	EBX
   127 000000A3 83 EC 0C                        	SUB	ESP,12
   128 000000A6 8B 45 10                        	MOV	EAX,DWORD [16+EBP]
   129 000000A9 8B 7D 0C                        	MOV	EDI,DWORD [12+EBP]
   130 000000AC 83 E8 1D                        	SUB	EAX,29
   131 000000AF 4F                              	DEC	EDI
   132 000000B0 50                              	PUSH	EAX
   133 000000B1 57                              	PUSH	EDI
   134 000000B2 6A 00                           	PUSH	0
   135 000000B4 6A 00                           	PUSH	0
   136 000000B6 6A 0E                           	PUSH	14
   137 000000B8 FF 75 0C                        	PUSH	DWORD [12+EBP]
   138 000000BB FF 75 08                        	PUSH	DWORD [8+EBP]
   139 000000BE E8 00000165                     	CALL	_bookfill8
   140 000000C3 8B 45 10                        	MOV	EAX,DWORD [16+EBP]
   141 000000C6 83 E8 1C                        	SUB	EAX,28
   142 000000C9 50                              	PUSH	EAX
   143 000000CA 57                              	PUSH	EDI
   144 000000CB 50                              	PUSH	EAX
   145 000000CC 6A 00                           	PUSH	0
   146 000000CE 6A 08                           	PUSH	8
   147 000000D0 FF 75 0C                        	PUSH	DWORD [12+EBP]
   148 000000D3 FF 75 08                        	PUSH	DWORD [8+EBP]
   149 000000D6 E8 0000014D                     	CALL	_bookfill8
   150 000000DB 8B 45 10                        	MOV	EAX,DWORD [16+EBP]
   151 000000DE 83 C4 38                        	ADD	ESP,56
   152 000000E1 83 E8 1B                        	SUB	EAX,27
   153 000000E4 50                              	PUSH	EAX
   154 000000E5 57                              	PUSH	EDI
   155 000000E6 50                              	PUSH	EAX
   156 000000E7 6A 00                           	PUSH	0
   157 000000E9 6A 07                           	PUSH	7
   158 000000EB FF 75 0C                        	PUSH	DWORD [12+EBP]
   159 000000EE FF 75 08                        	PUSH	DWORD [8+EBP]
   160 000000F1 E8 00000132                     	CALL	_bookfill8
   161 000000F6 8B 45 10                        	MOV	EAX,DWORD [16+EBP]
   162 000000F9 48                              	DEC	EAX
   163 000000FA 50                              	PUSH	EAX
   164 000000FB 8B 45 10                        	MOV	EAX,DWORD [16+EBP]
   165 000000FE 57                              	PUSH	EDI
   166 000000FF 83 E8 1A                        	SUB	EAX,26
   167 00000102 50                              	PUSH	EAX
   168 00000103 6A 00                           	PUSH	0
   169 00000105 6A 08                           	PUSH	8
   170 00000107 FF 75 0C                        	PUSH	DWORD [12+EBP]
   171 0000010A FF 75 08                        	PUSH	DWORD [8+EBP]
   172 0000010D E8 00000116                     	CALL	_bookfill8
   173 00000112 8B 75 10                        	MOV	ESI,DWORD [16+EBP]
   174 00000115 83 C4 38                        	ADD	ESP,56
   175 00000118 83 EE 18                        	SUB	ESI,24
   176 0000011B 56                              	PUSH	ESI
   177 0000011C 6A 3B                           	PUSH	59
   178 0000011E 56                              	PUSH	ESI
   179 0000011F 6A 03                           	PUSH	3
   180 00000121 6A 07                           	PUSH	7
   181 00000123 FF 75 0C                        	PUSH	DWORD [12+EBP]
   182 00000126 FF 75 08                        	PUSH	DWORD [8+EBP]
   183 00000129 E8 000000FA                     	CALL	_bookfill8
   184 0000012E 8B 45 10                        	MOV	EAX,DWORD [16+EBP]
   185 00000131 83 E8 04                        	SUB	EAX,4
   186 00000134 50                              	PUSH	EAX
   187 00000135 89 45 F0                        	MOV	DWORD [-16+EBP],EAX
   188 00000138 6A 02                           	PUSH	2
   189 0000013A 56                              	PUSH	ESI
   190 0000013B 6A 02                           	PUSH	2
   191 0000013D 6A 07                           	PUSH	7
   192 0000013F FF 75 0C                        	PUSH	DWORD [12+EBP]
   193 00000142 FF 75 08                        	PUSH	DWORD [8+EBP]
   194 00000145 E8 000000DE                     	CALL	_bookfill8
   195 0000014A 83 C4 38                        	ADD	ESP,56
   196 0000014D FF 75 F0                        	PUSH	DWORD [-16+EBP]
   197 00000150 6A 3B                           	PUSH	59
   198 00000152 FF 75 F0                        	PUSH	DWORD [-16+EBP]
   199 00000155 6A 03                           	PUSH	3
   200 00000157 6A 0F                           	PUSH	15
   201 00000159 FF 75 0C                        	PUSH	DWORD [12+EBP]
   202 0000015C FF 75 08                        	PUSH	DWORD [8+EBP]
   203 0000015F E8 000000C4                     	CALL	_bookfill8
   204 00000164 8B 45 10                        	MOV	EAX,DWORD [16+EBP]
   205 00000167 83 E8 05                        	SUB	EAX,5
   206 0000016A 50                              	PUSH	EAX
   207 0000016B 8B 45 10                        	MOV	EAX,DWORD [16+EBP]
   208 0000016E 6A 3B                           	PUSH	59
   209 00000170 83 E8 17                        	SUB	EAX,23
   210 00000173 50                              	PUSH	EAX
   211 00000174 89 45 EC                        	MOV	DWORD [-20+EBP],EAX
   212 00000177 6A 3B                           	PUSH	59
   213 00000179 6A 0F                           	PUSH	15
   214 0000017B FF 75 0C                        	PUSH	DWORD [12+EBP]
   215 0000017E FF 75 08                        	PUSH	DWORD [8+EBP]
   216 00000181 E8 000000A2                     	CALL	_bookfill8
   217 00000186 8B 45 10                        	MOV	EAX,DWORD [16+EBP]
   218 00000189 83 C4 38                        	ADD	ESP,56
   219 0000018C 83 E8 03                        	SUB	EAX,3
   220 0000018F 89 45 E8                        	MOV	DWORD [-24+EBP],EAX
   221 00000192 50                              	PUSH	EAX
   222 00000193 6A 3B                           	PUSH	59
   223 00000195 50                              	PUSH	EAX
   224 00000196 6A 02                           	PUSH	2
   225 00000198 6A 00                           	PUSH	0
   226 0000019A FF 75 0C                        	PUSH	DWORD [12+EBP]
   227 0000019D FF 75 08                        	PUSH	DWORD [8+EBP]
   228 000001A0 E8 00000083                     	CALL	_bookfill8
   229 000001A5 FF 75 E8                        	PUSH	DWORD [-24+EBP]
   230 000001A8 6A 3C                           	PUSH	60
   231 000001AA 56                              	PUSH	ESI
   232 000001AB 6A 3C                           	PUSH	60
   233 000001AD 6A 00                           	PUSH	0
   234 000001AF FF 75 0C                        	PUSH	DWORD [12+EBP]
   235 000001B2 FF 75 08                        	PUSH	DWORD [8+EBP]
   236 000001B5 E8 0000006E                     	CALL	_bookfill8
   237 000001BA 8B 7D 0C                        	MOV	EDI,DWORD [12+EBP]
   238 000001BD 83 C4 38                        	ADD	ESP,56
   239 000001C0 8B 5D 0C                        	MOV	EBX,DWORD [12+EBP]
   240 000001C3 83 EB 04                        	SUB	EBX,4
   241 000001C6 83 EF 2F                        	SUB	EDI,47
   242 000001C9 56                              	PUSH	ESI
   243 000001CA 53                              	PUSH	EBX
   244 000001CB 56                              	PUSH	ESI
   245 000001CC 57                              	PUSH	EDI
   246 000001CD 6A 0F                           	PUSH	15
   247 000001CF FF 75 0C                        	PUSH	DWORD [12+EBP]
   248 000001D2 FF 75 08                        	PUSH	DWORD [8+EBP]
   249 000001D5 E8 0000004E                     	CALL	_bookfill8
   250 000001DA FF 75 F0                        	PUSH	DWORD [-16+EBP]
   251 000001DD 57                              	PUSH	EDI
   252 000001DE FF 75 EC                        	PUSH	DWORD [-20+EBP]
   253 000001E1 57                              	PUSH	EDI
   254 000001E2 6A 0F                           	PUSH	15
   255 000001E4 FF 75 0C                        	PUSH	DWORD [12+EBP]
   256 000001E7 FF 75 08                        	PUSH	DWORD [8+EBP]
   257 000001EA E8 00000039                     	CALL	_bookfill8
   258 000001EF 83 C4 38                        	ADD	ESP,56
   259 000001F2 FF 75 E8                        	PUSH	DWORD [-24+EBP]
   260 000001F5 53                              	PUSH	EBX
   261 000001F6 FF 75 E8                        	PUSH	DWORD [-24+EBP]
   262 000001F9 57                              	PUSH	EDI
   263 000001FA 6A 07                           	PUSH	7
   264 000001FC FF 75 0C                        	PUSH	DWORD [12+EBP]
   265 000001FF FF 75 08                        	PUSH	DWORD [8+EBP]
   266 00000202 E8 00000021                     	CALL	_bookfill8
   267 00000207 8B 45 0C                        	MOV	EAX,DWORD [12+EBP]
   268 0000020A FF 75 E8                        	PUSH	DWORD [-24+EBP]
   269 0000020D 83 E8 03                        	SUB	EAX,3
   270 00000210 50                              	PUSH	EAX
   271 00000211 56                              	PUSH	ESI
   272 00000212 50                              	PUSH	EAX
   273 00000213 6A 07                           	PUSH	7
   274 00000215 FF 75 0C                        	PUSH	DWORD [12+EBP]
   275 00000218 FF 75 08                        	PUSH	DWORD [8+EBP]
   276 0000021B E8 00000008                     	CALL	_bookfill8
   277 00000220 8D 65 F4                        	LEA	ESP,DWORD [-12+EBP]
   278 00000223 5B                              	POP	EBX
   279 00000224 5E                              	POP	ESI
   280 00000225 5F                              	POP	EDI
   281 00000226 5D                              	POP	EBP
   282 00000227 C3                              	RET
   283 00000228                                 	GLOBAL	_bookfill8
   284 00000228                                 _bookfill8:
   285 00000228 55                              	PUSH	EBP
   286 00000229 89 E5                           	MOV	EBP,ESP
   287 0000022B 57                              	PUSH	EDI
   288 0000022C 56                              	PUSH	ESI
   289 0000022D 53                              	PUSH	EBX
   290 0000022E 51                              	PUSH	ECX
   291 0000022F 51                              	PUSH	ECX
   292 00000230 8A 45 10                        	MOV	AL,BYTE [16+EBP]
   293 00000233 8B 4D 18                        	MOV	ECX,DWORD [24+EBP]
   294 00000236 8B 7D 1C                        	MOV	EDI,DWORD [28+EBP]
   295 00000239 88 45 F3                        	MOV	BYTE [-13+EBP],AL
   296 0000023C 3B 4D 20                        	CMP	ECX,DWORD [32+EBP]
   297 0000023F 7F 31                           	JG	L19
   298 00000241 8B 5D 0C                        	MOV	EBX,DWORD [12+EBP]
   299 00000244 0F AF D9                        	IMUL	EBX,ECX
   300 00000247                                 L17:
   301 00000247 8B 55 14                        	MOV	EDX,DWORD [20+EBP]
   302 0000024A 39 FA                           	CMP	EDX,EDI
   303 0000024C 7F 1B                           	JG	L21
   304 0000024E 8B 75 08                        	MOV	ESI,DWORD [8+EBP]
   305 00000251 01 DE                           	ADD	ESI,EBX
   306 00000253 01 D6                           	ADD	ESI,EDX
   307 00000255 89 75 EC                        	MOV	DWORD [-20+EBP],ESI
   308 00000258                                 L16:
   309 00000258 8B 75 EC                        	MOV	ESI,DWORD [-20+EBP]
   310 0000025B 8A 45 F3                        	MOV	AL,BYTE [-13+EBP]
   311 0000025E 42                              	INC	EDX
   312 0000025F 88 06                           	MOV	BYTE [ESI],AL
   313 00000261 46                              	INC	ESI
   314 00000262 89 75 EC                        	MOV	DWORD [-20+EBP],ESI
   315 00000265 39 FA                           	CMP	EDX,EDI
   316 00000267 7E EF                           	JLE	L16
   317 00000269                                 L21:
   318 00000269 41                              	INC	ECX
   319 0000026A 03 5D 0C                        	ADD	EBX,DWORD [12+EBP]
   320 0000026D 3B 4D 20                        	CMP	ECX,DWORD [32+EBP]
   321 00000270 7E D5                           	JLE	L17
   322 00000272                                 L19:
   323 00000272 58                              	POP	EAX
   324 00000273 5A                              	POP	EDX
   325 00000274 5B                              	POP	EBX
   326 00000275 5E                              	POP	ESI
   327 00000276 5F                              	POP	EDI
   328 00000277 5D                              	POP	EBP
   329 00000278 C3                              	RET
   330 00000279                                 	GLOBAL	_putfont8
   331 00000279                                 _putfont8:
   332 00000279 55                              	PUSH	EBP
   333 0000027A 89 E5                           	MOV	EBP,ESP
   334 0000027C 57                              	PUSH	EDI
   335 0000027D 56                              	PUSH	ESI
   336 0000027E 31 F6                           	XOR	ESI,ESI
   337 00000280 53                              	PUSH	EBX
   338 00000281 8B 7D 1C                        	MOV	EDI,DWORD [28+EBP]
   339 00000284 8A 5D 18                        	MOV	BL,BYTE [24+EBP]
   340 00000287                                 L35:
   341 00000287 8B 45 14                        	MOV	EAX,DWORD [20+EBP]
   342 0000028A 8B 55 10                        	MOV	EDX,DWORD [16+EBP]
   343 0000028D 01 F0                           	ADD	EAX,ESI
   344 0000028F 0F AF 45 0C                     	IMUL	EAX,DWORD [12+EBP]
   345 00000293 03 45 08                        	ADD	EAX,DWORD [8+EBP]
   346 00000296 8D 0C 02                        	LEA	ECX,DWORD [EDX+EAX*1]
   347 00000299 8A 14 3E                        	MOV	DL,BYTE [ESI+EDI*1]
   348 0000029C 84 D2                           	TEST	DL,DL
   349 0000029E 79 02                           	JNS	L27
   350 000002A0 88 19                           	MOV	BYTE [ECX],BL
   351 000002A2                                 L27:
   352 000002A2 88 D0                           	MOV	AL,DL
   353 000002A4 83 E0 40                        	AND	EAX,64
   354 000002A7 84 C0                           	TEST	AL,AL
   355 000002A9 74 03                           	JE	L28
   356 000002AB 88 59 01                        	MOV	BYTE [1+ECX],BL
   357 000002AE                                 L28:
   358 000002AE 88 D0                           	MOV	AL,DL
   359 000002B0 83 E0 20                        	AND	EAX,32
   360 000002B3 84 C0                           	TEST	AL,AL
   361 000002B5 74 03                           	JE	L29
   362 000002B7 88 59 02                        	MOV	BYTE [2+ECX],BL
   363 000002BA                                 L29:
   364 000002BA 88 D0                           	MOV	AL,DL
   365 000002BC 83 E0 10                        	AND	EAX,16
   366 000002BF 84 C0                           	TEST	AL,AL
   367 000002C1 74 03                           	JE	L30
   368 000002C3 88 59 03                        	MOV	BYTE [3+ECX],BL
   369 000002C6                                 L30:
   370 000002C6 88 D0                           	MOV	AL,DL
   371 000002C8 83 E0 08                        	AND	EAX,8
   372 000002CB 84 C0                           	TEST	AL,AL
   373 000002CD 74 03                           	JE	L31
   374 000002CF 88 59 04                        	MOV	BYTE [4+ECX],BL
   375 000002D2                                 L31:
   376 000002D2 88 D0                           	MOV	AL,DL
   377 000002D4 83 E0 04                        	AND	EAX,4
   378 000002D7 84 C0                           	TEST	AL,AL
   379 000002D9 74 03                           	JE	L32
   380 000002DB 88 59 05                        	MOV	BYTE [5+ECX],BL
   381 000002DE                                 L32:
   382 000002DE 88 D0                           	MOV	AL,DL
   383 000002E0 83 E0 02                        	AND	EAX,2
   384 000002E3 84 C0                           	TEST	AL,AL
   385 000002E5 74 03                           	JE	L33
   386 000002E7 88 59 06                        	MOV	BYTE [6+ECX],BL
   387 000002EA                                 L33:
   388 000002EA 83 E2 01                        	AND	EDX,1
   389 000002ED 84 D2                           	TEST	DL,DL
   390 000002EF 74 03                           	JE	L25
   391 000002F1 88 59 07                        	MOV	BYTE [7+ECX],BL
   392 000002F4                                 L25:
   393 000002F4 46                              	INC	ESI
   394 000002F5 83 FE 0F                        	CMP	ESI,15
   395 000002F8 7E 8D                           	JLE	L35
   396 000002FA 5B                              	POP	EBX
   397 000002FB 5E                              	POP	ESI
   398 000002FC 5F                              	POP	EDI
   399 000002FD 5D                              	POP	EBP
   400 000002FE C3                              	RET
   401 000002FF                                 	GLOBAL	_putfont8_asc
   402 000002FF                                 _putfont8_asc:
   403 000002FF 55                              	PUSH	EBP
   404 00000300 89 E5                           	MOV	EBP,ESP
   405 00000302 57                              	PUSH	EDI
   406 00000303 56                              	PUSH	ESI
   407 00000304 53                              	PUSH	EBX
   408 00000305 53                              	PUSH	EBX
   409 00000306 8B 5D 1C                        	MOV	EBX,DWORD [28+EBP]
   410 00000309 8A 45 18                        	MOV	AL,BYTE [24+EBP]
   411 0000030C 88 45 F3                        	MOV	BYTE [-13+EBP],AL
   412 0000030F 8B 75 10                        	MOV	ESI,DWORD [16+EBP]
   413 00000312 8B 7D 14                        	MOV	EDI,DWORD [20+EBP]
   414 00000315 80 3B 00                        	CMP	BYTE [EBX],0
   415 00000318 75 08                           	JNE	L43
   416 0000031A                                 L45:
   417 0000031A 8D 65 F4                        	LEA	ESP,DWORD [-12+EBP]
   418 0000031D 5B                              	POP	EBX
   419 0000031E 5E                              	POP	ESI
   420 0000031F 5F                              	POP	EDI
   421 00000320 5D                              	POP	EBP
   422 00000321 C3                              	RET
   423 00000322                                 L43:
   424 00000322 0F BE 03                        	MOVSX	EAX,BYTE [EBX]
   425 00000325 C1 E0 04                        	SAL	EAX,4
   426 00000328 43                              	INC	EBX
   427 00000329 05 [00000000]                   	ADD	EAX,_hankaku
   428 0000032E 50                              	PUSH	EAX
   429 0000032F 0F BE 45 F3                     	MOVSX	EAX,BYTE [-13+EBP]
   430 00000333 50                              	PUSH	EAX
   431 00000334 57                              	PUSH	EDI
   432 00000335 56                              	PUSH	ESI
   433 00000336 83 C6 08                        	ADD	ESI,8
   434 00000339 FF 75 0C                        	PUSH	DWORD [12+EBP]
   435 0000033C FF 75 08                        	PUSH	DWORD [8+EBP]
   436 0000033F E8 FFFFFF35                     	CALL	_putfont8
   437 00000344 83 C4 18                        	ADD	ESP,24
   438 00000347 80 3B 00                        	CMP	BYTE [EBX],0
   439 0000034A 75 D6                           	JNE	L43
   440 0000034C EB CC                           	JMP	L45
   441 0000034E                                 	GLOBAL	_set_palette
   442 0000034E                                 _set_palette:
   443 0000034E 55                              	PUSH	EBP
   444 0000034F 89 E5                           	MOV	EBP,ESP
   445 00000351 57                              	PUSH	EDI
   446 00000352 56                              	PUSH	ESI
   447 00000353 53                              	PUSH	EBX
   448 00000354 51                              	PUSH	ECX
   449 00000355 8B 5D 08                        	MOV	EBX,DWORD [8+EBP]
   450 00000358 8B 7D 0C                        	MOV	EDI,DWORD [12+EBP]
   451 0000035B 8B 75 10                        	MOV	ESI,DWORD [16+EBP]
   452 0000035E E8 [00000000]                   	CALL	_io_load_eflags
   453 00000363 89 45 F0                        	MOV	DWORD [-16+EBP],EAX
   454 00000366 E8 [00000000]                   	CALL	_io_cli
   455 0000036B 53                              	PUSH	EBX
   456 0000036C 68 000003C8                     	PUSH	968
   457 00000371 E8 [00000000]                   	CALL	_io_out8
   458 00000376 39 FB                           	CMP	EBX,EDI
   459 00000378 58                              	POP	EAX
   460 00000379 5A                              	POP	EDX
   461 0000037A 7E 12                           	JLE	L51
   462 0000037C                                 L53:
   463 0000037C 8B 45 F0                        	MOV	EAX,DWORD [-16+EBP]
   464 0000037F 89 45 08                        	MOV	DWORD [8+EBP],EAX
   465 00000382 8D 65 F4                        	LEA	ESP,DWORD [-12+EBP]
   466 00000385 5B                              	POP	EBX
   467 00000386 5E                              	POP	ESI
   468 00000387 5F                              	POP	EDI
   469 00000388 5D                              	POP	EBP
   470 00000389 E9 [00000000]                   	JMP	_io_store_eflags
   471 0000038E                                 L51:
   472 0000038E 8A 06                           	MOV	AL,BYTE [ESI]
   473 00000390 43                              	INC	EBX
   474 00000391 C0 E8 02                        	SHR	AL,2
   475 00000394 0F B6 C0                        	MOVZX	EAX,AL
   476 00000397 50                              	PUSH	EAX
   477 00000398 68 000003C9                     	PUSH	969
   478 0000039D E8 [00000000]                   	CALL	_io_out8
   479 000003A2 8A 46 01                        	MOV	AL,BYTE [1+ESI]
   480 000003A5 C0 E8 02                        	SHR	AL,2
   481 000003A8 0F B6 C0                        	MOVZX	EAX,AL
   482 000003AB 50                              	PUSH	EAX
   483 000003AC 68 000003C9                     	PUSH	969
   484 000003B1 E8 [00000000]                   	CALL	_io_out8
   485 000003B6 8A 46 02                        	MOV	AL,BYTE [2+ESI]
   486 000003B9 C0 E8 02                        	SHR	AL,2
   487 000003BC 83 C6 03                        	ADD	ESI,3
   488 000003BF 0F B6 C0                        	MOVZX	EAX,AL
   489 000003C2 50                              	PUSH	EAX
   490 000003C3 68 000003C9                     	PUSH	969
   491 000003C8 E8 [00000000]                   	CALL	_io_out8
   492 000003CD 83 C4 18                        	ADD	ESP,24
   493 000003D0 39 FB                           	CMP	EBX,EDI
   494 000003D2 7E BA                           	JLE	L51
   495 000003D4 EB A6                           	JMP	L53
